This is e-pTeX, Version 3.14159265-p3.8.2-190131-2.6 (utf8.euc) (TeX Live 2019/Debian) (preloaded format=platex 2020.1.7)  18 JAN 2020 19:48
entering extended mode
 restricted \write18 enabled.
 %&-line parsing enabled.
**result.tex
(./result.tex
pLaTeX2e <2019-04-06> (based on LaTeX2e <2018-12-01>)

! LaTeX Error: Missing \begin{document}.

See the LaTeX manual or LaTeX Companion for explanation.
Type  H <return>  for immediate help.
 ...                                              
                                                  
l.1 -
     -------------------------------------------------
? 

Overfull \hbox (30.00002pt too wide) in paragraph at lines 1--7
[]\OT1/cmr/m/n/10 ---
 []


Overfull \hbox (10.00002pt too wide) in paragraph at lines 1--7
\OT1/cmr/m/n/10 ---
 []


Overfull \hbox (10.00002pt too wide) in paragraph at lines 1--7
\OT1/cmr/m/n/10 ---
 []


Overfull \hbox (10.00002pt too wide) in paragraph at lines 1--7
\OT1/cmr/m/n/10 ---
 []


Overfull \hbox (10.00002pt too wide) in paragraph at lines 1--7
\OT1/cmr/m/n/10 ---
 []


Overfull \hbox (10.00002pt too wide) in paragraph at lines 1--7
\OT1/cmr/m/n/10 ---
 []


Overfull \hbox (10.00002pt too wide) in paragraph at lines 1--7
\OT1/cmr/m/n/10 ---
 []


Overfull \hbox (10.00002pt too wide) in paragraph at lines 1--7
\OT1/cmr/m/n/10 ---
 []


Overfull \hbox (10.00002pt too wide) in paragraph at lines 1--7
\OT1/cmr/m/n/10 ---
 []


Overfull \hbox (10.00002pt too wide) in paragraph at lines 1--7
\OT1/cmr/m/n/10 ---
 []


Overfull \hbox (10.00002pt too wide) in paragraph at lines 1--7
\OT1/cmr/m/n/10 ---
 []


Overfull \hbox (10.00002pt too wide) in paragraph at lines 1--7
\OT1/cmr/m/n/10 ---
 []


Overfull \hbox (10.00002pt too wide) in paragraph at lines 1--7
\OT1/cmr/m/n/10 ---
 []


Overfull \hbox (10.00002pt too wide) in paragraph at lines 1--7
\OT1/cmr/m/n/10 ---
 []


Overfull \hbox (10.00002pt too wide) in paragraph at lines 1--7
\OT1/cmr/m/n/10 ---
 []


Overfull \hbox (10.00002pt too wide) in paragraph at lines 1--7
\OT1/cmr/m/n/10 ---
 []


Overfull \hbox (5.00002pt too wide) in paragraph at lines 1--7
\OT1/cmr/m/n/10 --
 []


Overfull \hbox (10.00002pt too wide) in paragraph at lines 1--7
\OT1/cmr/m/n/10 ---
 []


Overfull \hbox (10.00002pt too wide) in paragraph at lines 1--7
\OT1/cmr/m/n/10 ---
 []


Overfull \hbox (10.00002pt too wide) in paragraph at lines 1--7
\OT1/cmr/m/n/10 ---
 []


Overfull \hbox (10.00002pt too wide) in paragraph at lines 1--7
\OT1/cmr/m/n/10 ---
 []


Overfull \hbox (10.00002pt too wide) in paragraph at lines 1--7
\OT1/cmr/m/n/10 ---
 []


Overfull \hbox (10.00002pt too wide) in paragraph at lines 1--7
\OT1/cmr/m/n/10 ---
 []


Overfull \hbox (10.00002pt too wide) in paragraph at lines 1--7
\OT1/cmr/m/n/10 ---
 []


Overfull \hbox (10.00002pt too wide) in paragraph at lines 1--7
\OT1/cmr/m/n/10 ---
 []


Overfull \hbox (10.00002pt too wide) in paragraph at lines 1--7
\OT1/cmr/m/n/10 ---
 []


Overfull \hbox (10.00002pt too wide) in paragraph at lines 1--7
\OT1/cmr/m/n/10 ---
 []


Overfull \hbox (10.00002pt too wide) in paragraph at lines 1--7
\OT1/cmr/m/n/10 ---
 []


Overfull \hbox (10.00002pt too wide) in paragraph at lines 1--7
\OT1/cmr/m/n/10 ---
 []


Overfull \hbox (10.00002pt too wide) in paragraph at lines 1--7
\OT1/cmr/m/n/10 ---
 []


Overfull \hbox (10.00002pt too wide) in paragraph at lines 1--7
\OT1/cmr/m/n/10 ---
 []


Overfull \hbox (10.00002pt too wide) in paragraph at lines 1--7
\OT1/cmr/m/n/10 ---
 []


Overfull \hbox (10.00002pt too wide) in paragraph at lines 1--7
\OT1/cmr/m/n/10 ---
 []


Overfull \hbox (5.00002pt too wide) in paragraph at lines 1--7
\OT1/cmr/m/n/10 --
 []


Overfull \hbox (23.33339pt too wide) in paragraph at lines 1--7
\OT1/cmr/m/n/10 2020-
 []


Overfull \hbox (13.33336pt too wide) in paragraph at lines 1--7
\OT1/cmr/m/n/10 01-
 []


Overfull \hbox (10.00003pt too wide) in paragraph at lines 1--7
\OT1/cmr/m/n/10 18
 []


Overfull \hbox (68.33354pt too wide) in paragraph at lines 1--7
\OT1/cmr/m/n/10 19:47:24.491165
 []


Overfull \hbox (25.00008pt too wide) in paragraph at lines 1--7
\OT1/cmr/m/n/10 path1
 []


Overfull \hbox (7.7778pt too wide) in paragraph at lines 1--7
\OT1/cmr/m/n/10 =
 []


Overfull \hbox (10.00003pt too wide) in paragraph at lines 1--7
\OT1/cmr/m/n/10 10
 []


Overfull \hbox (25.00008pt too wide) in paragraph at lines 1--7
\OT1/cmr/m/n/10 path2
 []


Overfull \hbox (7.7778pt too wide) in paragraph at lines 1--7
\OT1/cmr/m/n/10 =
 []


Overfull \hbox (10.00003pt too wide) in paragraph at lines 1--7
\OT1/cmr/m/n/10 10
 []


Overfull \hbox (16.6667pt too wide) in paragraph at lines 1--7
\OT1/cmr/m/n/10 am-
 []


Overfull \hbox (14.44447pt too wide) in paragraph at lines 1--7
\OT1/cmr/m/n/10 pli-
 []


Overfull \hbox (19.44449pt too wide) in paragraph at lines 1--7
\OT1/cmr/m/n/10 tude
 []


Overfull \hbox (7.7778pt too wide) in paragraph at lines 1--7
\OT1/cmr/m/n/10 = 
 []

LaTeX Font Info:    External font `cmex10' loaded for size
(Font)              <7> on input line 7.
LaTeX Font Info:    External font `cmex10' loaded for size
(Font)              <5> on input line 7.
! Argument of \frac has an extra }.
<inserted text> 
                \par 
l.7 $$\begin{cases} \frac
                         {q}{q^{2} z^{2} - 1} & \text{for}\: \left|{q^{2} z^...

? 
Runaway argument?
! Paragraph ended before \frac was complete.
<to be read again> 
                   \par 
l.7 $$\begin{cases} \frac
                         {q}{q^{2} z^{2} - 1} & \text{for}\: \left|{q^{2} z^...

? 
! Missing $ inserted.
<inserted text> 
                $
l.7 $$\begin{cases} \frac
                         {q}{q^{2} z^{2} - 1} & \text{for}\: \left|{q^{2} z^...

? 
! Missing \cr inserted.
<inserted text> 
                \cr 
l.7 $$\begin{cases} \frac
                         {q}{q^{2} z^{2} - 1} & \text{for}\: \left|{q^{2} z^...

? 
! Missing $ inserted.
<inserted text> 
                $
l.7 $$\begin{cases} \frac
                         {q}{q^{2} z^{2} - 1} & \text{for}\: \left|{q^{2} z^...

? 
! Misplaced alignment tab character &.
l.7 $$\begin{cases} \frac{q}{q^{2} z^{2} - 1} &
                                                \text{for}\: \left|{q^{2} z^...

? 
! Undefined control sequence.
l.7 ...in{cases} \frac{q}{q^{2} z^{2} - 1} & \text
                                                  {for}\: \left|{q^{2} z^{2}...

? 
! Misplaced alignment tab character &.
l.7 ...\\- q \sum_{m=0}^{\infty} q^{2 m} z^{2 m} &
                                                   \text{otherwise} \end{cas...

? 
! Undefined control sequence.
l.7 ...\sum_{m=0}^{\infty} q^{2 m} z^{2 m} & \text
                                                  {otherwise} \end{cases}$$
? 

Overfull \hbox (221.74016pt too wide) detected at line 7
[] \OML/cmm/m/it/10 q[][]  [] < \OT1/cmr/m/n/10 1[] [] \OMS/cmsy/m/n/10 ^^@ \OM
L/cmm/m/it/10 q [] q[]z[][]
 []

)
*

Overfull \hbox (10.00002pt too wide) in paragraph at lines 7--0
\OT1/cmr/m/n/10 ---
 []


Overfull \hbox (10.00002pt too wide) in paragraph at lines 7--0
\OT1/cmr/m/n/10 ---
 []


Overfull \hbox (10.00002pt too wide) in paragraph at lines 7--0
\OT1/cmr/m/n/10 ---
 []


Overfull \hbox (10.00002pt too wide) in paragraph at lines 7--0
\OT1/cmr/m/n/10 ---
 []


Overfull \hbox (10.00002pt too wide) in paragraph at lines 7--0
\OT1/cmr/m/n/10 ---
 []


Overfull \hbox (10.00002pt too wide) in paragraph at lines 7--0
\OT1/cmr/m/n/10 ---
 []


Overfull \hbox (10.00002pt too wide) in paragraph at lines 7--0
\OT1/cmr/m/n/10 ---
 []


Overfull \hbox (10.00002pt too wide) in paragraph at lines 7--0
\OT1/cmr/m/n/10 ---
 []


Overfull \hbox (10.00002pt too wide) in paragraph at lines 7--0
\OT1/cmr/m/n/10 ---
 []


Overfull \hbox (10.00002pt too wide) in paragraph at lines 7--0
\OT1/cmr/m/n/10 ---
 []


Overfull \hbox (10.00002pt too wide) in paragraph at lines 7--0
\OT1/cmr/m/n/10 ---
 []


Overfull \hbox (10.00002pt too wide) in paragraph at lines 7--0
\OT1/cmr/m/n/10 ---
 []


Overfull \hbox (10.00002pt too wide) in paragraph at lines 7--0
\OT1/cmr/m/n/10 ---
 []


Overfull \hbox (10.00002pt too wide) in paragraph at lines 7--0
\OT1/cmr/m/n/10 ---
 []


Overfull \hbox (10.00002pt too wide) in paragraph